mode: set
github.com/angelpro17/Ecommerce.git/internal/platform/http/response.go:9.69,13.2 3 0
github.com/angelpro17/Ecommerce.git/internal/platform/http/response.go:16.68,18.2 1 0
github.com/angelpro17/Ecommerce.git/internal/platform/postgres/cart_repo.go:18.56,20.2 1 0
github.com/angelpro17/Ecommerce.git/internal/platform/postgres/cart_repo.go:22.93,27.16 5 0
github.com/angelpro17/Ecommerce.git/internal/platform/postgres/cart_repo.go:27.16,29.3 1 0
github.com/angelpro17/Ecommerce.git/internal/platform/postgres/cart_repo.go:30.2,30.18 1 0
github.com/angelpro17/Ecommerce.git/internal/platform/postgres/cart_repo.go:33.89,37.16 4 0
github.com/angelpro17/Ecommerce.git/internal/platform/postgres/cart_repo.go:37.16,38.36 1 0
github.com/angelpro17/Ecommerce.git/internal/platform/postgres/cart_repo.go:38.36,40.4 1 0
github.com/angelpro17/Ecommerce.git/internal/platform/postgres/cart_repo.go:41.3,41.18 1 0
github.com/angelpro17/Ecommerce.git/internal/platform/postgres/cart_repo.go:43.2,43.18 1 0
github.com/angelpro17/Ecommerce.git/internal/platform/postgres/cart_repo.go:46.104,50.16 4 0
github.com/angelpro17/Ecommerce.git/internal/platform/postgres/cart_repo.go:50.16,51.36 1 0
github.com/angelpro17/Ecommerce.git/internal/platform/postgres/cart_repo.go:51.36,53.4 1 0
github.com/angelpro17/Ecommerce.git/internal/platform/postgres/cart_repo.go:54.3,54.18 1 0
github.com/angelpro17/Ecommerce.git/internal/platform/postgres/cart_repo.go:56.2,56.18 1 0
github.com/angelpro17/Ecommerce.git/internal/platform/postgres/cart_repo.go:59.93,61.16 2 0
github.com/angelpro17/Ecommerce.git/internal/platform/postgres/cart_repo.go:61.16,63.3 1 0
github.com/angelpro17/Ecommerce.git/internal/platform/postgres/cart_repo.go:64.2,65.23 2 0
github.com/angelpro17/Ecommerce.git/internal/platform/postgres/cart_repo.go:65.23,67.3 1 0
github.com/angelpro17/Ecommerce.git/internal/platform/postgres/cart_repo.go:68.2,68.12 1 0
github.com/angelpro17/Ecommerce.git/internal/platform/postgres/cart_repo.go:71.86,83.2 5 0
github.com/angelpro17/Ecommerce.git/internal/platform/postgres/cart_repo.go:85.113,87.16 2 0
github.com/angelpro17/Ecommerce.git/internal/platform/postgres/cart_repo.go:87.16,89.3 1 0
github.com/angelpro17/Ecommerce.git/internal/platform/postgres/cart_repo.go:90.2,91.23 2 0
github.com/angelpro17/Ecommerce.git/internal/platform/postgres/cart_repo.go:91.23,93.3 1 0
github.com/angelpro17/Ecommerce.git/internal/platform/postgres/cart_repo.go:94.2,94.12 1 0
github.com/angelpro17/Ecommerce.git/internal/platform/postgres/cart_repo.go:97.91,99.16 2 0
github.com/angelpro17/Ecommerce.git/internal/platform/postgres/cart_repo.go:99.16,101.3 1 0
github.com/angelpro17/Ecommerce.git/internal/platform/postgres/cart_repo.go:102.2,103.23 2 0
github.com/angelpro17/Ecommerce.git/internal/platform/postgres/cart_repo.go:103.23,105.3 1 0
github.com/angelpro17/Ecommerce.git/internal/platform/postgres/cart_repo.go:106.2,106.12 1 0
github.com/angelpro17/Ecommerce.git/internal/platform/postgres/cart_repo.go:109.99,112.16 3 0
github.com/angelpro17/Ecommerce.git/internal/platform/postgres/cart_repo.go:112.16,114.3 1 0
github.com/angelpro17/Ecommerce.git/internal/platform/postgres/cart_repo.go:115.2,118.18 3 0
github.com/angelpro17/Ecommerce.git/internal/platform/postgres/cart_repo.go:118.18,120.151 2 0
github.com/angelpro17/Ecommerce.git/internal/platform/postgres/cart_repo.go:120.151,122.4 1 0
github.com/angelpro17/Ecommerce.git/internal/platform/postgres/cart_repo.go:123.3,124.30 2 0
github.com/angelpro17/Ecommerce.git/internal/platform/postgres/cart_repo.go:126.2,126.26 1 0
github.com/angelpro17/Ecommerce.git/internal/platform/postgres/cart_repo.go:129.79,132.2 2 0
github.com/angelpro17/Ecommerce.git/internal/platform/postgres/connection.go:12.108,14.16 2 0
github.com/angelpro17/Ecommerce.git/internal/platform/postgres/connection.go:14.16,16.3 1 0
github.com/angelpro17/Ecommerce.git/internal/platform/postgres/connection.go:18.2,25.44 6 0
github.com/angelpro17/Ecommerce.git/internal/platform/postgres/connection.go:25.44,27.3 1 0
github.com/angelpro17/Ecommerce.git/internal/platform/postgres/connection.go:29.2,29.16 1 0
github.com/angelpro17/Ecommerce.git/internal/platform/postgres/migrations.go:9.59,47.2 3 0
github.com/angelpro17/Ecommerce.git/internal/platform/postgres/product_reader_adapter.go:16.76,18.2 1 0
github.com/angelpro17/Ecommerce.git/internal/platform/postgres/product_reader_adapter.go:21.93,23.16 2 0
github.com/angelpro17/Ecommerce.git/internal/platform/postgres/product_reader_adapter.go:23.16,25.3 1 0
github.com/angelpro17/Ecommerce.git/internal/platform/postgres/product_reader_adapter.go:26.2,26.30 1 0
github.com/angelpro17/Ecommerce.git/internal/platform/postgres/product_reader_adapter.go:30.95,32.2 1 0
github.com/angelpro17/Ecommerce.git/internal/platform/postgres/product_repo.go:18.62,20.2 1 0
github.com/angelpro17/Ecommerce.git/internal/platform/postgres/product_repo.go:22.90,35.2 5 0
github.com/angelpro17/Ecommerce.git/internal/platform/postgres/product_repo.go:37.95,44.16 4 0
github.com/angelpro17/Ecommerce.git/internal/platform/postgres/product_repo.go:44.16,45.36 1 0
github.com/angelpro17/Ecommerce.git/internal/platform/postgres/product_repo.go:45.36,47.4 1 0
github.com/angelpro17/Ecommerce.git/internal/platform/postgres/product_repo.go:48.3,48.18 1 0
github.com/angelpro17/Ecommerce.git/internal/platform/postgres/product_repo.go:50.2,50.15 1 0
github.com/angelpro17/Ecommerce.git/internal/platform/postgres/product_repo.go:53.110,55.96 2 0
github.com/angelpro17/Ecommerce.git/internal/platform/postgres/product_repo.go:55.96,57.3 1 0
github.com/angelpro17/Ecommerce.git/internal/platform/postgres/product_repo.go:59.2,62.16 4 0
github.com/angelpro17/Ecommerce.git/internal/platform/postgres/product_repo.go:62.16,64.3 1 0
github.com/angelpro17/Ecommerce.git/internal/platform/postgres/product_repo.go:65.2,68.18 3 0
github.com/angelpro17/Ecommerce.git/internal/platform/postgres/product_repo.go:68.18,70.128 2 0
github.com/angelpro17/Ecommerce.git/internal/platform/postgres/product_repo.go:70.128,72.4 1 0
github.com/angelpro17/Ecommerce.git/internal/platform/postgres/product_repo.go:73.3,73.33 1 0
github.com/angelpro17/Ecommerce.git/internal/platform/postgres/product_repo.go:75.2,75.36 1 0
github.com/angelpro17/Ecommerce.git/internal/platform/postgres/product_repo.go:78.90,85.16 4 0
github.com/angelpro17/Ecommerce.git/internal/platform/postgres/product_repo.go:85.16,87.3 1 0
github.com/angelpro17/Ecommerce.git/internal/platform/postgres/product_repo.go:88.2,89.23 2 0
github.com/angelpro17/Ecommerce.git/internal/platform/postgres/product_repo.go:89.23,91.3 1 0
github.com/angelpro17/Ecommerce.git/internal/platform/postgres/product_repo.go:92.2,92.12 1 0
github.com/angelpro17/Ecommerce.git/internal/platform/postgres/product_repo.go:95.75,97.16 2 0
github.com/angelpro17/Ecommerce.git/internal/platform/postgres/product_repo.go:97.16,99.3 1 0
github.com/angelpro17/Ecommerce.git/internal/platform/postgres/product_repo.go:100.2,101.23 2 0
github.com/angelpro17/Ecommerce.git/internal/platform/postgres/product_repo.go:101.23,103.3 1 0
github.com/angelpro17/Ecommerce.git/internal/platform/postgres/product_repo.go:104.2,104.12 1 0
github.com/angelpro17/Ecommerce.git/internal/platform/postgres/product_repo.go:107.94,110.16 3 0
github.com/angelpro17/Ecommerce.git/internal/platform/postgres/product_repo.go:110.16,112.3 1 0
github.com/angelpro17/Ecommerce.git/internal/platform/postgres/product_repo.go:113.2,114.23 2 0
github.com/angelpro17/Ecommerce.git/internal/platform/postgres/product_repo.go:114.23,116.3 1 0
github.com/angelpro17/Ecommerce.git/internal/platform/postgres/product_repo.go:117.2,117.12 1 0
github.com/angelpro17/Ecommerce.git/internal/cart/application/service.go:17.92,19.2 1 1
github.com/angelpro17/Ecommerce.git/internal/cart/application/service.go:21.97,23.16 2 1
github.com/angelpro17/Ecommerce.git/internal/cart/application/service.go:23.16,24.45 1 1
github.com/angelpro17/Ecommerce.git/internal/cart/application/service.go:24.45,26.4 1 1
github.com/angelpro17/Ecommerce.git/internal/cart/application/service.go:27.3,27.18 1 1
github.com/angelpro17/Ecommerce.git/internal/cart/application/service.go:29.2,29.18 1 1
github.com/angelpro17/Ecommerce.git/internal/cart/application/service.go:32.127,33.19 1 1
github.com/angelpro17/Ecommerce.git/internal/cart/application/service.go:33.19,35.3 1 1
github.com/angelpro17/Ecommerce.git/internal/cart/application/service.go:37.2,38.16 2 1
github.com/angelpro17/Ecommerce.git/internal/cart/application/service.go:38.16,40.3 1 1
github.com/angelpro17/Ecommerce.git/internal/cart/application/service.go:42.2,42.22 1 1
github.com/angelpro17/Ecommerce.git/internal/cart/application/service.go:42.22,44.3 1 1
github.com/angelpro17/Ecommerce.git/internal/cart/application/service.go:46.2,47.16 2 1
github.com/angelpro17/Ecommerce.git/internal/cart/application/service.go:47.16,49.3 1 1
github.com/angelpro17/Ecommerce.git/internal/cart/application/service.go:51.2,58.50 2 1
github.com/angelpro17/Ecommerce.git/internal/cart/application/service.go:58.50,60.3 1 1
github.com/angelpro17/Ecommerce.git/internal/cart/application/service.go:61.2,61.34 1 1
github.com/angelpro17/Ecommerce.git/internal/cart/application/service.go:64.130,65.19 1 1
github.com/angelpro17/Ecommerce.git/internal/cart/application/service.go:65.19,67.3 1 1
github.com/angelpro17/Ecommerce.git/internal/cart/application/service.go:69.2,70.16 2 1
github.com/angelpro17/Ecommerce.git/internal/cart/application/service.go:70.16,72.3 1 1
github.com/angelpro17/Ecommerce.git/internal/cart/application/service.go:74.2,74.22 1 1
github.com/angelpro17/Ecommerce.git/internal/cart/application/service.go:74.22,76.3 1 1
github.com/angelpro17/Ecommerce.git/internal/cart/application/service.go:78.2,79.16 2 1
github.com/angelpro17/Ecommerce.git/internal/cart/application/service.go:79.16,81.3 1 1
github.com/angelpro17/Ecommerce.git/internal/cart/application/service.go:83.2,83.85 1 1
github.com/angelpro17/Ecommerce.git/internal/cart/application/service.go:83.85,85.3 1 1
github.com/angelpro17/Ecommerce.git/internal/cart/application/service.go:86.2,86.34 1 1
github.com/angelpro17/Ecommerce.git/internal/cart/application/service.go:89.116,91.16 2 1
github.com/angelpro17/Ecommerce.git/internal/cart/application/service.go:91.16,93.3 1 1
github.com/angelpro17/Ecommerce.git/internal/cart/application/service.go:95.2,95.67 1 1
github.com/angelpro17/Ecommerce.git/internal/cart/application/service.go:95.67,97.3 1 1
github.com/angelpro17/Ecommerce.git/internal/cart/application/service.go:98.2,98.34 1 1
github.com/angelpro17/Ecommerce.git/internal/cart/application/service.go:101.99,103.16 2 1
github.com/angelpro17/Ecommerce.git/internal/cart/application/service.go:103.16,104.45 1 1
github.com/angelpro17/Ecommerce.git/internal/cart/application/service.go:104.45,114.4 1 1
github.com/angelpro17/Ecommerce.git/internal/cart/application/service.go:115.3,115.18 1 1
github.com/angelpro17/Ecommerce.git/internal/cart/application/service.go:118.2,119.16 2 1
github.com/angelpro17/Ecommerce.git/internal/cart/application/service.go:119.16,121.3 1 1
github.com/angelpro17/Ecommerce.git/internal/cart/application/service.go:123.2,125.29 3 1
github.com/angelpro17/Ecommerce.git/internal/cart/application/service.go:125.29,128.3 2 1
github.com/angelpro17/Ecommerce.git/internal/cart/application/service.go:130.2,142.8 3 1
github.com/angelpro17/Ecommerce.git/internal/cart/application/service.go:145.75,147.16 2 1
github.com/angelpro17/Ecommerce.git/internal/cart/application/service.go:147.16,149.3 1 1
github.com/angelpro17/Ecommerce.git/internal/cart/application/service.go:150.2,150.39 1 1
github.com/angelpro17/Ecommerce.git/internal/cart/application/service.go:153.97,155.16 2 1
github.com/angelpro17/Ecommerce.git/internal/cart/application/service.go:155.16,157.3 1 1
github.com/angelpro17/Ecommerce.git/internal/cart/application/service.go:159.2,159.29 1 1
github.com/angelpro17/Ecommerce.git/internal/cart/application/service.go:159.29,161.3 1 1
github.com/angelpro17/Ecommerce.git/internal/cart/application/service.go:163.2,163.37 1 1
github.com/angelpro17/Ecommerce.git/internal/cart/application/service.go:163.37,164.88 1 1
github.com/angelpro17/Ecommerce.git/internal/cart/application/service.go:164.88,166.4 1 1
github.com/angelpro17/Ecommerce.git/internal/cart/application/service.go:169.2,169.78 1 1
github.com/angelpro17/Ecommerce.git/internal/cart/application/service.go:169.78,171.3 1 0
github.com/angelpro17/Ecommerce.git/internal/cart/application/service.go:173.2,174.21 2 1
github.com/angelpro17/Ecommerce.git/internal/cart/interfaces/http/handler.go:50.71,52.29 2 1
github.com/angelpro17/Ecommerce.git/internal/cart/interfaces/http/handler.go:52.29,57.3 1 0
github.com/angelpro17/Ecommerce.git/internal/cart/interfaces/http/handler.go:58.2,62.3 1 1
github.com/angelpro17/Ecommerce.git/internal/cart/interfaces/http/handler.go:73.50,75.2 1 1
github.com/angelpro17/Ecommerce.git/internal/cart/interfaces/http/handler.go:78.48,79.38 1 1
github.com/angelpro17/Ecommerce.git/internal/cart/interfaces/http/handler.go:79.38,86.3 6 1
github.com/angelpro17/Ecommerce.git/internal/cart/interfaces/http/handler.go:89.40,90.47 1 1
github.com/angelpro17/Ecommerce.git/internal/cart/interfaces/http/handler.go:90.47,92.3 1 1
github.com/angelpro17/Ecommerce.git/internal/cart/interfaces/http/handler.go:93.2,93.20 1 1
github.com/angelpro17/Ecommerce.git/internal/cart/interfaces/http/handler.go:97.67,100.61 3 1
github.com/angelpro17/Ecommerce.git/internal/cart/interfaces/http/handler.go:100.61,103.3 2 1
github.com/angelpro17/Ecommerce.git/internal/cart/interfaces/http/handler.go:105.2,106.16 2 1
github.com/angelpro17/Ecommerce.git/internal/cart/interfaces/http/handler.go:106.16,107.10 1 1
github.com/angelpro17/Ecommerce.git/internal/cart/interfaces/http/handler.go:108.50,109.62 1 1
github.com/angelpro17/Ecommerce.git/internal/cart/interfaces/http/handler.go:110.50,111.60 1 1
github.com/angelpro17/Ecommerce.git/internal/cart/interfaces/http/handler.go:112.52,113.60 1 1
github.com/angelpro17/Ecommerce.git/internal/cart/interfaces/http/handler.go:114.11,115.80 1 1
github.com/angelpro17/Ecommerce.git/internal/cart/interfaces/http/handler.go:117.3,117.9 1 1
github.com/angelpro17/Ecommerce.git/internal/cart/interfaces/http/handler.go:119.2,120.44 2 1
github.com/angelpro17/Ecommerce.git/internal/cart/interfaces/http/handler.go:124.70,127.16 3 1
github.com/angelpro17/Ecommerce.git/internal/cart/interfaces/http/handler.go:127.16,130.3 2 1
github.com/angelpro17/Ecommerce.git/internal/cart/interfaces/http/handler.go:132.2,133.61 2 1
github.com/angelpro17/Ecommerce.git/internal/cart/interfaces/http/handler.go:133.61,136.3 2 1
github.com/angelpro17/Ecommerce.git/internal/cart/interfaces/http/handler.go:138.2,139.16 2 1
github.com/angelpro17/Ecommerce.git/internal/cart/interfaces/http/handler.go:139.16,140.10 1 1
github.com/angelpro17/Ecommerce.git/internal/cart/interfaces/http/handler.go:141.47,142.60 1 1
github.com/angelpro17/Ecommerce.git/internal/cart/interfaces/http/handler.go:143.50,144.62 1 1
github.com/angelpro17/Ecommerce.git/internal/cart/interfaces/http/handler.go:145.52,146.60 1 1
github.com/angelpro17/Ecommerce.git/internal/cart/interfaces/http/handler.go:147.11,148.83 1 1
github.com/angelpro17/Ecommerce.git/internal/cart/interfaces/http/handler.go:150.3,150.9 1 1
github.com/angelpro17/Ecommerce.git/internal/cart/interfaces/http/handler.go:152.2,153.44 2 1
github.com/angelpro17/Ecommerce.git/internal/cart/interfaces/http/handler.go:157.70,160.16 3 1
github.com/angelpro17/Ecommerce.git/internal/cart/interfaces/http/handler.go:160.16,163.3 2 1
github.com/angelpro17/Ecommerce.git/internal/cart/interfaces/http/handler.go:165.2,166.16 2 1
github.com/angelpro17/Ecommerce.git/internal/cart/interfaces/http/handler.go:166.16,167.45 1 1
github.com/angelpro17/Ecommerce.git/internal/cart/interfaces/http/handler.go:167.45,170.4 2 1
github.com/angelpro17/Ecommerce.git/internal/cart/interfaces/http/handler.go:171.3,172.9 2 1
github.com/angelpro17/Ecommerce.git/internal/cart/interfaces/http/handler.go:174.2,175.44 2 1
github.com/angelpro17/Ecommerce.git/internal/cart/interfaces/http/handler.go:179.70,182.16 3 1
github.com/angelpro17/Ecommerce.git/internal/cart/interfaces/http/handler.go:182.16,185.3 2 1
github.com/angelpro17/Ecommerce.git/internal/cart/interfaces/http/handler.go:186.2,187.44 2 1
github.com/angelpro17/Ecommerce.git/internal/cart/interfaces/http/handler.go:191.69,193.65 2 1
github.com/angelpro17/Ecommerce.git/internal/cart/interfaces/http/handler.go:193.65,194.45 1 1
github.com/angelpro17/Ecommerce.git/internal/cart/interfaces/http/handler.go:194.45,197.4 2 1
github.com/angelpro17/Ecommerce.git/internal/cart/interfaces/http/handler.go:198.3,199.9 2 1
github.com/angelpro17/Ecommerce.git/internal/cart/interfaces/http/handler.go:201.2,201.37 1 1
github.com/angelpro17/Ecommerce.git/internal/cart/interfaces/http/handler.go:205.68,208.16 3 1
github.com/angelpro17/Ecommerce.git/internal/cart/interfaces/http/handler.go:208.16,211.3 2 1
github.com/angelpro17/Ecommerce.git/internal/cart/interfaces/http/handler.go:212.2,215.4 1 1
github.com/angelpro17/Ecommerce.git/internal/product/application/service.go:15.64,17.2 1 1
github.com/angelpro17/Ecommerce.git/internal/product/application/service.go:19.148,20.16 1 1
github.com/angelpro17/Ecommerce.git/internal/product/application/service.go:20.16,22.3 1 1
github.com/angelpro17/Ecommerce.git/internal/product/application/service.go:23.2,23.16 1 1
github.com/angelpro17/Ecommerce.git/internal/product/application/service.go:23.16,25.3 1 1
github.com/angelpro17/Ecommerce.git/internal/product/application/service.go:26.2,26.15 1 1
github.com/angelpro17/Ecommerce.git/internal/product/application/service.go:26.15,28.3 1 1
github.com/angelpro17/Ecommerce.git/internal/product/application/service.go:30.2,38.52 2 1
github.com/angelpro17/Ecommerce.git/internal/product/application/service.go:38.52,40.3 1 1
github.com/angelpro17/Ecommerce.git/internal/product/application/service.go:41.2,41.21 1 1
github.com/angelpro17/Ecommerce.git/internal/product/application/service.go:44.90,46.2 1 1
github.com/angelpro17/Ecommerce.git/internal/product/application/service.go:48.105,49.14 1 1
github.com/angelpro17/Ecommerce.git/internal/product/application/service.go:49.14,51.3 1 1
github.com/angelpro17/Ecommerce.git/internal/product/application/service.go:52.2,52.36 1 1
github.com/angelpro17/Ecommerce.git/internal/product/application/service.go:52.36,54.3 1 1
github.com/angelpro17/Ecommerce.git/internal/product/application/service.go:56.2,56.43 1 1
github.com/angelpro17/Ecommerce.git/internal/product/application/service.go:59.162,61.16 2 1
github.com/angelpro17/Ecommerce.git/internal/product/application/service.go:61.16,63.3 1 1
github.com/angelpro17/Ecommerce.git/internal/product/application/service.go:65.2,65.17 1 1
github.com/angelpro17/Ecommerce.git/internal/product/application/service.go:65.17,66.18 1 1
github.com/angelpro17/Ecommerce.git/internal/product/application/service.go:66.18,68.4 1 1
github.com/angelpro17/Ecommerce.git/internal/product/application/service.go:69.3,69.23 1 1
github.com/angelpro17/Ecommerce.git/internal/product/application/service.go:71.2,71.24 1 1
github.com/angelpro17/Ecommerce.git/internal/product/application/service.go:71.24,73.3 1 1
github.com/angelpro17/Ecommerce.git/internal/product/application/service.go:74.2,74.18 1 1
github.com/angelpro17/Ecommerce.git/internal/product/application/service.go:74.18,75.18 1 1
github.com/angelpro17/Ecommerce.git/internal/product/application/service.go:75.18,77.4 1 1
github.com/angelpro17/Ecommerce.git/internal/product/application/service.go:78.3,78.25 1 1
github.com/angelpro17/Ecommerce.git/internal/product/application/service.go:80.2,80.18 1 1
github.com/angelpro17/Ecommerce.git/internal/product/application/service.go:80.18,81.17 1 1
github.com/angelpro17/Ecommerce.git/internal/product/application/service.go:81.17,83.4 1 1
github.com/angelpro17/Ecommerce.git/internal/product/application/service.go:84.3,84.25 1 1
github.com/angelpro17/Ecommerce.git/internal/product/application/service.go:86.2,86.21 1 1
github.com/angelpro17/Ecommerce.git/internal/product/application/service.go:86.21,88.3 1 1
github.com/angelpro17/Ecommerce.git/internal/product/application/service.go:90.2,90.52 1 1
github.com/angelpro17/Ecommerce.git/internal/product/application/service.go:90.52,92.3 1 0
github.com/angelpro17/Ecommerce.git/internal/product/application/service.go:93.2,93.21 1 1
github.com/angelpro17/Ecommerce.git/internal/product/application/service.go:96.70,98.2 1 1
github.com/angelpro17/Ecommerce.git/internal/product/interfaces/http/handler.go:54.59,65.2 1 1
github.com/angelpro17/Ecommerce.git/internal/product/interfaces/http/handler.go:75.50,77.2 1 1
github.com/angelpro17/Ecommerce.git/internal/product/interfaces/http/handler.go:80.48,81.42 1 1
github.com/angelpro17/Ecommerce.git/internal/product/interfaces/http/handler.go:81.42,87.3 5 1
github.com/angelpro17/Ecommerce.git/internal/product/interfaces/http/handler.go:91.66,93.61 2 1
github.com/angelpro17/Ecommerce.git/internal/product/interfaces/http/handler.go:93.61,96.3 2 1
github.com/angelpro17/Ecommerce.git/internal/product/interfaces/http/handler.go:98.2,99.16 2 1
github.com/angelpro17/Ecommerce.git/internal/product/interfaces/http/handler.go:99.16,100.10 1 1
github.com/angelpro17/Ecommerce.git/internal/product/interfaces/http/handler.go:103.43,104.62 1 1
github.com/angelpro17/Ecommerce.git/internal/product/interfaces/http/handler.go:105.11,106.86 1 1
github.com/angelpro17/Ecommerce.git/internal/product/interfaces/http/handler.go:108.3,108.9 1 1
github.com/angelpro17/Ecommerce.git/internal/product/interfaces/http/handler.go:110.2,111.49 2 1
github.com/angelpro17/Ecommerce.git/internal/product/interfaces/http/handler.go:115.67,117.16 2 1
github.com/angelpro17/Ecommerce.git/internal/product/interfaces/http/handler.go:117.16,120.3 2 1
github.com/angelpro17/Ecommerce.git/internal/product/interfaces/http/handler.go:122.2,123.16 2 1
github.com/angelpro17/Ecommerce.git/internal/product/interfaces/http/handler.go:123.16,124.41 1 1
github.com/angelpro17/Ecommerce.git/internal/product/interfaces/http/handler.go:124.41,127.4 2 1
github.com/angelpro17/Ecommerce.git/internal/product/interfaces/http/handler.go:128.3,129.9 2 1
github.com/angelpro17/Ecommerce.git/internal/product/interfaces/http/handler.go:131.2,132.44 2 1
github.com/angelpro17/Ecommerce.git/internal/product/interfaces/http/handler.go:136.66,139.14 3 1
github.com/angelpro17/Ecommerce.git/internal/product/interfaces/http/handler.go:139.14,141.3 1 1
github.com/angelpro17/Ecommerce.git/internal/product/interfaces/http/handler.go:142.2,142.18 1 1
github.com/angelpro17/Ecommerce.git/internal/product/interfaces/http/handler.go:142.18,144.3 1 1
github.com/angelpro17/Ecommerce.git/internal/product/interfaces/http/handler.go:146.2,147.16 2 1
github.com/angelpro17/Ecommerce.git/internal/product/interfaces/http/handler.go:147.16,150.3 2 1
github.com/angelpro17/Ecommerce.git/internal/product/interfaces/http/handler.go:152.2,153.29 2 1
github.com/angelpro17/Ecommerce.git/internal/product/interfaces/http/handler.go:153.29,155.3 1 1
github.com/angelpro17/Ecommerce.git/internal/product/interfaces/http/handler.go:157.2,162.4 1 1
github.com/angelpro17/Ecommerce.git/internal/product/interfaces/http/handler.go:166.66,168.16 2 1
github.com/angelpro17/Ecommerce.git/internal/product/interfaces/http/handler.go:168.16,171.3 2 1
github.com/angelpro17/Ecommerce.git/internal/product/interfaces/http/handler.go:173.2,174.61 2 1
github.com/angelpro17/Ecommerce.git/internal/product/interfaces/http/handler.go:174.61,177.3 2 1
github.com/angelpro17/Ecommerce.git/internal/product/interfaces/http/handler.go:179.2,180.16 2 1
github.com/angelpro17/Ecommerce.git/internal/product/interfaces/http/handler.go:180.16,181.41 1 1
github.com/angelpro17/Ecommerce.git/internal/product/interfaces/http/handler.go:181.41,184.4 2 1
github.com/angelpro17/Ecommerce.git/internal/product/interfaces/http/handler.go:185.3,186.9 2 1
github.com/angelpro17/Ecommerce.git/internal/product/interfaces/http/handler.go:188.2,189.44 2 1
github.com/angelpro17/Ecommerce.git/internal/product/interfaces/http/handler.go:193.66,195.16 2 1
github.com/angelpro17/Ecommerce.git/internal/product/interfaces/http/handler.go:195.16,198.3 2 1
github.com/angelpro17/Ecommerce.git/internal/product/interfaces/http/handler.go:200.2,200.58 1 1
github.com/angelpro17/Ecommerce.git/internal/product/interfaces/http/handler.go:200.58,201.41 1 1
github.com/angelpro17/Ecommerce.git/internal/product/interfaces/http/handler.go:201.41,204.4 2 1
github.com/angelpro17/Ecommerce.git/internal/product/interfaces/http/handler.go:205.3,206.9 2 1
github.com/angelpro17/Ecommerce.git/internal/product/interfaces/http/handler.go:208.2,208.37 1 1
